  Error.cpp
  FST.cpp
C:\Container\code\MSV-2022\MSV-2022\Lab22\FST.cpp(62,37): warning C4267: инициализация: преобразование из "size_t" в "short"; возможна потеря данных
  Generator.cpp
  GRB.cpp
  In.cpp
  IT.cpp
C:\Container\code\MSV-2022\MSV-2022\Lab22\IT.cpp(79,36): warning C4267: =: преобразование из "size_t" в "unsigned char"; возможна потеря данных
C:\Container\code\MSV-2022\MSV-2022\Lab22\IT.cpp(99,36): warning C4267: =: преобразование из "size_t" в "unsigned char"; возможна потеря данных
  MSV-2022.cpp
C:\Container\code\MSV-2022\MSV-2022\Lab22\MSV-2022.cpp(46,28): warning C4101: lt_position: неиспользованная локальная переменная
  LexAnalysis.cpp
C:\Container\code\MSV-2022\MSV-2022\Lab22\LexAnalysis.cpp(29,3): warning C4267: инициализация: преобразование из "size_t" в "int"; возможна потеря данных
C:\Container\code\MSV-2022\MSV-2022\Lab22\LexAnalysis.cpp(33,21): warning C4244: +=: преобразование "double" в "int", возможна потеря данных
C:\Container\code\MSV-2022\MSV-2022\Lab22\LexAnalysis.cpp(73,13): warning C4267: аргумент: преобразование из "size_t" в "int"; возможна потеря данных
C:\Container\code\MSV-2022\MSV-2022\Lab22\LexAnalysis.cpp(88,15): warning C4267: аргумент: преобразование из "size_t" в "int"; возможна потеря данных
C:\Container\code\MSV-2022\MSV-2022\Lab22\LexAnalysis.cpp(110,15): warning C4267: аргумент: преобразование из "size_t" в "int"; возможна потеря данных
C:\Container\code\MSV-2022\MSV-2022\Lab22\LexAnalysis.cpp(113,14): warning C4267: аргумент: преобразование из "size_t" в "int"; возможна потеря данных
C:\Container\code\MSV-2022\MSV-2022\Lab22\LexAnalysis.cpp(129,14): warning C4267: аргумент: преобразование из "size_t" в "int"; возможна потеря данных
C:\Container\code\MSV-2022\MSV-2022\Lab22\LexAnalysis.cpp(131,21): warning C4305: =: усечение из "int" в "char"
C:\Container\code\MSV-2022\MSV-2022\Lab22\LexAnalysis.cpp(131,17): warning C4309: =: усечение константного значения
  Log.cpp
  LT.cpp
  MFST.cpp
C:\Container\code\MSV-2022\MSV-2022\Lab22\MFST.cpp(236,68): warning C4267: =: преобразование из "size_t" в "short"; возможна потеря данных
  Out.cpp
  Parm.cpp
  PolishNotation.cpp
C:\Container\code\MSV-2022\MSV-2022\Lab22\PolishNotation.cpp(74,21): warning C4129: @: неизвестная escape-последовательность
  SemAn.cpp
  Создание кода...
C:\Container\code\MSV-2022\MSV-2022\Lab22\PolishNotation.cpp(40): warning C4172: возвращение адреса локальной или временной переменной : temp
C:\Container\code\MSV-2022\MSV-2022\Lab22\PolishNotation.cpp(16): warning C4715: PolishNotation::Stack::push: значение возвращается не при всех путях выполнения
C:\Container\code\MSV-2022\MSV-2022\Lab22\PolishNotation.cpp(28): warning C4715: PolishNotation::Stack::push: значение возвращается не при всех путях выполнения
C:\Container\code\MSV-2022\MSV-2022\Lab22\LT.cpp(23): warning C4715: LT::LexTable::GetEntry: значение возвращается не при всех путях выполнения
C:\Container\code\MSV-2022\MSV-2022\Lab22\IT.cpp(161): warning C4715: IT::IdTable::GetEntry: значение возвращается не при всех путях выполнения
C:\Container\code\MSV-2022\MSV-2022\Lab22\IT.cpp(195): warning C4172: возвращение адреса локальной или временной переменной : buffer
  Lab22.vcxproj -> C:\Container\code\MSV-2022\MSV-2022\x64\Debug\Lab22.exe
